<?xml version="1.0" encoding="UTF-8"?>
<!-- Generated by org.testng.reporters.JUnitXMLReporter -->
<testsuite ignored="2" hostname="selenium33" failures="0" tests="2" name="Default test" time="12.607" errors="0" timestamp="2024-12-12T13:16:36 IST">
  <testcase classname="testScripts.SeleniumsearchTest" name="seleniumSearch" time="4.043"/>
  <testcase classname="testScripts.SeleniumsearchTest" name="javaSearch" time="5.054"/>
  <testcase classname="testScripts.SeleniumsearchTest" name="appiumSearch" time="0.0">
    <ignored/>
  </testcase> <!-- appiumSearch -->
  <testcase classname="testScripts.SeleniumsearchTest" name="cucumberSearch" time="0.0">
    <ignored/>
  </testcase> <!-- cucumberSearch -->
</testsuite> <!-- Default test -->
