<?xml version="1.0" encoding="UTF-8"?>
<!-- Generated by org.testng.reporters.JUnitXMLReporter -->
<testsuite ignored="0" hostname="selenium33" failures="0" tests="4" name="ModuleTwoTest" time="8.721" errors="0" timestamp="2024-12-13T13:02:23 IST">
  <testcase classname="parallelScripts.SampleThreeTest" name="testFour" time="2.257"/>
  <testcase classname="parallelScripts.SampleThreeTest" name="testOne" time="1.776"/>
  <testcase classname="parallelScripts.SampleThreeTest" name="testThree" time="2.614"/>
  <testcase classname="parallelScripts.SampleThreeTest" name="testTwo" time="2.051"/>
</testsuite> <!-- ModuleTwoTest -->
