<?xml version="1.0" encoding="UTF-8"?>
<!-- Generated by org.testng.reporters.JUnitXMLReporter -->
<testsuite ignored="0" hostname="selenium33" failures="0" tests="8" name="ModuleOneTest" time="17.415" errors="0" timestamp="2024-12-13T13:02:14 IST">
  <testcase classname="parallelScripts.SampleOneTest" name="testFour" time="3.37"/>
  <testcase classname="parallelScripts.SampleTwoTest" name="testFour" time="4.837"/>
  <testcase classname="parallelScripts.SampleOneTest" name="testOne" time="2.433"/>
  <testcase classname="parallelScripts.SampleOneTest" name="testThree" time="1.342"/>
  <testcase classname="parallelScripts.SampleTwoTest" name="testOne" time="3.96"/>
  <testcase classname="parallelScripts.SampleOneTest" name="testTwo" time="2.294"/>
  <testcase classname="parallelScripts.SampleTwoTest" name="testThree" time="4.268"/>
  <testcase classname="parallelScripts.SampleTwoTest" name="testTwo" time="4.257"/>
</testsuite> <!-- ModuleOneTest -->
