<?xml version="1.0" encoding="UTF-8"?>
<!-- Generated by org.testng.reporters.JUnitXMLReporter -->
<testsuite ignored="0" hostname="selenium33" failures="0" tests="8" name="Test" time="18.739" errors="0" timestamp="2024-12-13T12:57:26 IST">
  <testcase classname="parallelScripts.SampleOneTest" name="testFour" time="3.296"/>
  <testcase classname="parallelScripts.SampleTwoTest" name="testFour" time="4.86"/>
  <testcase classname="parallelScripts.SampleOneTest" name="testOne" time="2.238"/>
  <testcase classname="parallelScripts.SampleOneTest" name="testThree" time="1.374"/>
  <testcase classname="parallelScripts.SampleOneTest" name="testTwo" time="1.753"/>
  <testcase classname="parallelScripts.SampleTwoTest" name="testOne" time="4.974"/>
  <testcase classname="parallelScripts.SampleTwoTest" name="testThree" time="4.125"/>
  <testcase classname="parallelScripts.SampleTwoTest" name="testTwo" time="4.669"/>
</testsuite> <!-- Test -->
