<?xml version="1.0" encoding="UTF-8"?>
<testng-results ignored="0" total="1" passed="1" failed="0" skipped="0">
  <reporter-output>
  </reporter-output>
  <suite started-at="2024-12-11T16:32:08 IST" name="Default suite" finished-at="2024-12-11T16:32:18 IST" duration-ms="9852">
    <groups>
    </groups>
    <test started-at="2024-12-11T16:32:08 IST" name="Default test" finished-at="2024-12-11T16:32:18 IST" duration-ms="9852">
      <class name="testScripts.DropdownTest">
        <test-method signature="selectValue()[pri:0, instance:testScripts.DropdownTest@7e5afaa6]" started-at="2024-12-11T16:32:08 IST" name="selectValue" finished-at="2024-12-11T16:32:18 IST" duration-ms="9761" status="PASS">
          <reporter-output>
          </reporter-output>
        </test-method> <!-- selectValue -->
      </class> <!-- testScripts.DropdownTest -->
    </test> <!-- Default test -->
  </suite> <!-- Default suite -->
</testng-results>
